{
  errno: -4058,
  code: 'ENOENT',
  syscall: 'stat',
  path: 'D:\\client\\build\\index.html',
  expose: false,
  statusCode: 404,
  status: 404,
  level: 'error',
  message: "ENOENT: no such file or directory, stat 'D:\\client\\build\\index.html' ENOENT: no such file or directory, stat 'D:\\client\\build\\index.html'",
  stack: "Error: ENOENT: no such file or directory, stat 'D:\\client\\build\\index.html'",
  timestamp: '2021-09-01T06:50:49.991Z'
}
{
  level: 'error',
  message: 'path must be absolute or specify root to res.sendFile path must be absolute or specify root to res.sendFile',
  stack: 'TypeError: path must be absolute or specify root to res.sendFile\n' +
    '    at ServerResponse.sendFile (D:\\Nk React\\React 2021\\sample3_movie_app\\server\\node_modules\\express\\lib\\response.js:425:11)\n' +
    '    at D:\\Nk React\\React 2021\\sample3_movie_app\\server\\routes\\home.js:5:21\n' +
    '    at newFn (D:\\Nk React\\React 2021\\sample3_movie_app\\server\\node_modules\\express-async-errors\\index.js:16:20)\n' +
    '    at Layer.handle [as handle_request] (D:\\Nk React\\React 2021\\sample3_movie_app\\server\\node_modules\\express\\lib\\router\\layer.js:95:5)\n' +
    '    at next (D:\\Nk React\\React 2021\\sample3_movie_app\\server\\node_modules\\express\\lib\\router\\route.js:137:13)\n' +
    '    at Route.dispatch (D:\\Nk React\\React 2021\\sample3_movie_app\\server\\node_modules\\express\\lib\\router\\route.js:112:3)\n' +
    '    at newFn (D:\\Nk React\\React 2021\\sample3_movie_app\\server\\node_modules\\express-async-errors\\index.js:16:20)\n' +
    '    at Layer.handle [as handle_request] (D:\\Nk React\\React 2021\\sample3_movie_app\\server\\node_modules\\express\\lib\\router\\layer.js:95:5)\n' +
    '    at D:\\Nk React\\React 2021\\sample3_movie_app\\server\\node_modules\\express\\lib\\router\\index.js:281:22\n' +
    '    at Function.process_params (D:\\Nk React\\React 2021\\sample3_movie_app\\server\\node_modules\\express\\lib\\router\\index.js:335:12)',
  timestamp: '2021-09-01T06:53:13.558Z'
}
{
  errno: -4058,
  code: 'ENOENT',
  syscall: 'stat',
  path: 'D:\\Nk React\\React 2021\\sample3_movie_app\\server\\client\\build\\index.html',
  expose: false,
  statusCode: 404,
  status: 404,
  level: 'error',
  message: "ENOENT: no such file or directory, stat 'D:\\Nk React\\React 2021\\sample3_movie_app\\server\\client\\build\\index.html' ENOENT: no such file or directory, stat 'D:\\Nk React\\React 2021\\sample3_movie_app\\server\\client\\build\\index.html'",
  stack: "Error: ENOENT: no such file or directory, stat 'D:\\Nk React\\React 2021\\sample3_movie_app\\server\\client\\build\\index.html'",
  timestamp: '2021-09-01T06:56:18.770Z'
}
{
  errno: -4058,
  code: 'ENOENT',
  syscall: 'stat',
  path: 'D:\\Nk React\\React 2021\\sample3_movie_app\\server\\client\\public\\index.html',
  expose: false,
  statusCode: 404,
  status: 404,
  level: 'error',
  message: "ENOENT: no such file or directory, stat 'D:\\Nk React\\React 2021\\sample3_movie_app\\server\\client\\public\\index.html' ENOENT: no such file or directory, stat 'D:\\Nk React\\React 2021\\sample3_movie_app\\server\\client\\public\\index.html'",
  stack: "Error: ENOENT: no such file or directory, stat 'D:\\Nk React\\React 2021\\sample3_movie_app\\server\\client\\public\\index.html'",
  timestamp: '2021-09-01T06:59:18.745Z'
}
{
  errno: -4058,
  code: 'ENOENT',
  syscall: 'stat',
  path: 'D:\\Nk React\\React 2021\\sample3_movie_app\\server\\routes\\build\\index.html',
  expose: false,
  statusCode: 404,
  status: 404,
  level: 'error',
  message: "ENOENT: no such file or directory, stat 'D:\\Nk React\\React 2021\\sample3_movie_app\\server\\routes\\build\\index.html' ENOENT: no such file or directory, stat 'D:\\Nk React\\React 2021\\sample3_movie_app\\server\\routes\\build\\index.html'",
  stack: "Error: ENOENT: no such file or directory, stat 'D:\\Nk React\\React 2021\\sample3_movie_app\\server\\routes\\build\\index.html'",
  timestamp: '2021-09-01T07:10:41.055Z'
}
{
  errno: -4058,
  code: 'ENOENT',
  syscall: 'stat',
  path: 'D:\\Nk React\\React 2021\\sample3_movie_app\\server\\routes\\build\\index.html',
  expose: false,
  statusCode: 404,
  status: 404,
  level: 'error',
  message: "ENOENT: no such file or directory, stat 'D:\\Nk React\\React 2021\\sample3_movie_app\\server\\routes\\build\\index.html' ENOENT: no such file or directory, stat 'D:\\Nk React\\React 2021\\sample3_movie_app\\server\\routes\\build\\index.html'",
  stack: "Error: ENOENT: no such file or directory, stat 'D:\\Nk React\\React 2021\\sample3_movie_app\\server\\routes\\build\\index.html'",
  timestamp: '2021-09-01T07:11:43.777Z'
}
{
  errno: -4058,
  code: 'ENOENT',
  syscall: 'stat',
  path: 'D:\\Nk React\\React 2021\\sample3_movie_app\\server\\routes\\build\\index.html',
  expose: false,
  statusCode: 404,
  status: 404,
  level: 'error',
  message: "ENOENT: no such file or directory, stat 'D:\\Nk React\\React 2021\\sample3_movie_app\\server\\routes\\build\\index.html' ENOENT: no such file or directory, stat 'D:\\Nk React\\React 2021\\sample3_movie_app\\server\\routes\\build\\index.html'",
  stack: "Error: ENOENT: no such file or directory, stat 'D:\\Nk React\\React 2021\\sample3_movie_app\\server\\routes\\build\\index.html'",
  timestamp: '2021-09-01T07:14:14.918Z'
}
{
  errno: -4058,
  code: 'ENOENT',
  syscall: 'stat',
  path: 'D:\\Nk React\\React 2021\\sample3_movie_app\\server\\routes..\\build\\index.html',
  expose: false,
  statusCode: 404,
  status: 404,
  level: 'error',
  message: "ENOENT: no such file or directory, stat 'D:\\Nk React\\React 2021\\sample3_movie_app\\server\\routes..\\build\\index.html' ENOENT: no such file or directory, stat 'D:\\Nk React\\React 2021\\sample3_movie_app\\server\\routes..\\build\\index.html'",
  stack: "Error: ENOENT: no such file or directory, stat 'D:\\Nk React\\React 2021\\sample3_movie_app\\server\\routes..\\build\\index.html'",
  timestamp: '2021-09-01T07:15:34.970Z'
}
